Removed Pin From Net: NetName=GND Pin=C2-2
Removed Pin From Net: NetName=GND Pin=C3-2
Removed Member From Class: ClassName=SWR Member=C3
Change Component Footprint: Designator=C2 Old Footprint=CAPR5-4X5 New Footprint=RAD-0.3
Change Component Footprint: Designator=C4 Old Footprint=RAD-0.2 New Footprint=RAD-0.3
Change Component Footprint: Designator=C5 Old Footprint=RAD-0.2 New Footprint=RAD-0.3
Change Component Comment : Designator=C2 Old Comment=Cap2 New Comment=Cap
Added Component: Designator=C1(RAD-0.3)
Added Pin To Net: NetName=GND Pin=C1-1
Added Pin To Net: NetName=GND Pin=C2-1
Added Pin To Net: NetName=NetC1_2 Pin=C1-2
Added Pin To Net: NetName=NetC1_2 Pin=P3-4
Added Pin To Net: NetName=NetC1_2 Pin=R5-1
Added Net: Name=NetC1_2
Added Pin To Net: NetName=NetC2_2 Pin=C2-2
Added Pin To Net: NetName=NetC2_2 Pin=P3-1
Added Pin To Net: NetName=NetC2_2 Pin=R6-2
Added Net: Name=NetC2_2
Added Member To Class: ClassName=SWR Member=Component C1 Cap
Added Member To Class: ClassName=SWR Member=Component C2 Cap
